<?xml version="1.0" encoding="UTF-8"?>
<testng-results ignored="0" total="21" passed="21" failed="0" skipped="0">
  <reporter-output>
  </reporter-output>
  <suite started-at="2021-03-18T09:34:22 IST" name="Default suite" finished-at="2021-03-18T09:38:36 IST" duration-ms="254077">
    <groups>
    </groups>
    <test started-at="2021-03-18T09:34:22 IST" name="Default test" finished-at="2021-03-18T09:38:36 IST" duration-ms="254077">
      <class name="com.hospital.qa.testcases.HospitalTest">
        <test-method is-config="true" signature="setUp()[pri:0, instance:com.hospital.qa.testcases.HospitalTest@6f8e8894]" started-at="2021-03-18T09:34:22 IST" name="setUp" finished-at="2021-03-18T09:36:03 IST" duration-ms="101375" status="PASS">
          <reporter-output>
          </reporter-output>
        </test-method> <!-- setUp -->
        <test-method signature="testCase()[pri:0, instance:com.hospital.qa.testcases.HospitalTest@6f8e8894]" started-at="2021-03-18T09:36:03 IST" name="testCase" finished-at="2021-03-18T09:36:03 IST" duration-ms="29" status="PASS">
          <reporter-output>
          </reporter-output>
        </test-method> <!-- testCase -->
        <test-method is-config="true" signature="flush()[pri:0, instance:com.hospital.qa.testcases.HospitalTest@6f8e8894]" started-at="2021-03-18T09:36:03 IST" name="flush" finished-at="2021-03-18T09:36:03 IST" duration-ms="2" status="PASS">
          <reporter-output>
          </reporter-output>
        </test-method> <!-- flush -->
        <test-method signature="displayHospitals()[pri:1, instance:com.hospital.qa.testcases.HospitalTest@6f8e8894]" started-at="2021-03-18T09:36:03 IST" name="displayHospitals" finished-at="2021-03-18T09:37:33 IST" depends-on-methods="com.hospital.qa.testcases.HospitalTest.testCase" duration-ms="89665" status="PASS">
          <reporter-output>
          </reporter-output>
        </test-method> <!-- displayHospitals -->
        <test-method is-config="true" signature="flush()[pri:0, instance:com.hospital.qa.testcases.HospitalTest@6f8e8894]" started-at="2021-03-18T09:37:33 IST" name="flush" finished-at="2021-03-18T09:37:33 IST" duration-ms="1" status="PASS">
          <reporter-output>
          </reporter-output>
        </test-method> <!-- flush -->
        <test-method signature="goToTopCity()[pri:2, instance:com.hospital.qa.testcases.HospitalTest@6f8e8894]" started-at="2021-03-18T09:37:33 IST" name="goToTopCity" finished-at="2021-03-18T09:38:32 IST" depends-on-methods="com.hospital.qa.testcases.HospitalTest.displayHospitals" duration-ms="58791" status="PASS">
          <reporter-output>
          </reporter-output>
        </test-method> <!-- goToTopCity -->
        <test-method is-config="true" signature="flush()[pri:0, instance:com.hospital.qa.testcases.HospitalTest@6f8e8894]" started-at="2021-03-18T09:38:32 IST" name="flush" finished-at="2021-03-18T09:38:32 IST" duration-ms="0" status="PASS">
          <reporter-output>
          </reporter-output>
        </test-method> <!-- flush -->
        <test-method signature="clickCorporateWellness()[pri:3, instance:com.hospital.qa.testcases.HospitalTest@6f8e8894]" started-at="2021-03-18T09:38:32 IST" name="clickCorporateWellness" finished-at="2021-03-18T09:38:32 IST" duration-ms="148" status="PASS">
          <reporter-output>
          </reporter-output>
        </test-method> <!-- clickCorporateWellness -->
        <test-method is-config="true" signature="flush()[pri:0, instance:com.hospital.qa.testcases.HospitalTest@6f8e8894]" started-at="2021-03-18T09:38:32 IST" name="flush" finished-at="2021-03-18T09:38:32 IST" duration-ms="2" status="PASS">
          <reporter-output>
          </reporter-output>
        </test-method> <!-- flush -->
        <test-method signature="InvalidCorporateWellness()[pri:4, instance:com.hospital.qa.testcases.HospitalTest@6f8e8894]" started-at="2021-03-18T09:38:32 IST" name="InvalidCorporateWellness" finished-at="2021-03-18T09:38:32 IST" duration-ms="16" status="PASS">
          <reporter-output>
          </reporter-output>
        </test-method> <!-- InvalidCorporateWellness -->
        <test-method is-config="true" signature="flush()[pri:0, instance:com.hospital.qa.testcases.HospitalTest@6f8e8894]" started-at="2021-03-18T09:38:32 IST" name="flush" finished-at="2021-03-18T09:38:32 IST" duration-ms="1" status="PASS">
          <reporter-output>
          </reporter-output>
        </test-method> <!-- flush -->
        <test-method signature="nullInvalidForm()[pri:5, instance:com.hospital.qa.testcases.HospitalTest@6f8e8894]" started-at="2021-03-18T09:38:32 IST" name="nullInvalidForm" finished-at="2021-03-18T09:38:32 IST" duration-ms="19" status="PASS">
          <reporter-output>
          </reporter-output>
        </test-method> <!-- nullInvalidForm -->
        <test-method is-config="true" signature="flush()[pri:0, instance:com.hospital.qa.testcases.HospitalTest@6f8e8894]" started-at="2021-03-18T09:38:32 IST" name="flush" finished-at="2021-03-18T09:38:32 IST" duration-ms="0" status="PASS">
          <reporter-output>
          </reporter-output>
        </test-method> <!-- flush -->
        <test-method signature="InvalidNameInCw()[pri:6, instance:com.hospital.qa.testcases.HospitalTest@6f8e8894]" started-at="2021-03-18T09:38:32 IST" name="InvalidNameInCw" finished-at="2021-03-18T09:38:32 IST" duration-ms="20" status="PASS">
          <reporter-output>
          </reporter-output>
        </test-method> <!-- InvalidNameInCw -->
        <test-method is-config="true" signature="flush()[pri:0, instance:com.hospital.qa.testcases.HospitalTest@6f8e8894]" started-at="2021-03-18T09:38:32 IST" name="flush" finished-at="2021-03-18T09:38:32 IST" duration-ms="0" status="PASS">
          <reporter-output>
          </reporter-output>
        </test-method> <!-- flush -->
        <test-method signature="InvalidOrgNameCw()[pri:7, instance:com.hospital.qa.testcases.HospitalTest@6f8e8894]" started-at="2021-03-18T09:38:32 IST" name="InvalidOrgNameCw" finished-at="2021-03-18T09:38:32 IST" duration-ms="9" status="PASS">
          <reporter-output>
          </reporter-output>
        </test-method> <!-- InvalidOrgNameCw -->
        <test-method is-config="true" signature="flush()[pri:0, instance:com.hospital.qa.testcases.HospitalTest@6f8e8894]" started-at="2021-03-18T09:38:32 IST" name="flush" finished-at="2021-03-18T09:38:32 IST" duration-ms="1" status="PASS">
          <reporter-output>
          </reporter-output>
        </test-method> <!-- flush -->
        <test-method signature="InvalidPhoneNoCw()[pri:8, instance:com.hospital.qa.testcases.HospitalTest@6f8e8894]" started-at="2021-03-18T09:38:32 IST" name="InvalidPhoneNoCw" finished-at="2021-03-18T09:38:32 IST" duration-ms="37" status="PASS">
          <reporter-output>
          </reporter-output>
        </test-method> <!-- InvalidPhoneNoCw -->
        <test-method is-config="true" signature="flush()[pri:0, instance:com.hospital.qa.testcases.HospitalTest@6f8e8894]" started-at="2021-03-18T09:38:32 IST" name="flush" finished-at="2021-03-18T09:38:32 IST" duration-ms="1" status="PASS">
          <reporter-output>
          </reporter-output>
        </test-method> <!-- flush -->
        <test-method signature="specCharNameInCw()[pri:9, instance:com.hospital.qa.testcases.HospitalTest@6f8e8894]" started-at="2021-03-18T09:38:32 IST" name="specCharNameInCw" finished-at="2021-03-18T09:38:32 IST" duration-ms="21" status="PASS">
          <reporter-output>
          </reporter-output>
        </test-method> <!-- specCharNameInCw -->
        <test-method is-config="true" signature="flush()[pri:0, instance:com.hospital.qa.testcases.HospitalTest@6f8e8894]" started-at="2021-03-18T09:38:32 IST" name="flush" finished-at="2021-03-18T09:38:32 IST" duration-ms="0" status="PASS">
          <reporter-output>
          </reporter-output>
        </test-method> <!-- flush -->
        <test-method signature="specOrgNameCw()[pri:10, instance:com.hospital.qa.testcases.HospitalTest@6f8e8894]" started-at="2021-03-18T09:38:32 IST" name="specOrgNameCw" finished-at="2021-03-18T09:38:32 IST" duration-ms="30" status="PASS">
          <reporter-output>
          </reporter-output>
        </test-method> <!-- specOrgNameCw -->
        <test-method signature="charPhoneNo()[pri:11, instance:com.hospital.qa.testcases.HospitalTest@6f8e8894]" started-at="2021-03-18T09:38:32 IST" name="charPhoneNo" finished-at="2021-03-18T09:38:32 IST" duration-ms="40" status="PASS">
          <reporter-output>
          </reporter-output>
        </test-method> <!-- charPhoneNo -->
        <test-method is-config="true" signature="flush()[pri:0, instance:com.hospital.qa.testcases.HospitalTest@6f8e8894]" started-at="2021-03-18T09:38:32 IST" name="flush" finished-at="2021-03-18T09:38:32 IST" duration-ms="0" status="PASS">
          <reporter-output>
          </reporter-output>
        </test-method> <!-- flush -->
        <test-method is-config="true" signature="flush()[pri:0, instance:com.hospital.qa.testcases.HospitalTest@6f8e8894]" started-at="2021-03-18T09:38:32 IST" name="flush" finished-at="2021-03-18T09:38:32 IST" duration-ms="0" status="PASS">
          <reporter-output>
          </reporter-output>
        </test-method> <!-- flush -->
        <test-method signature="alphaNumericPhoneNo()[pri:12, instance:com.hospital.qa.testcases.HospitalTest@6f8e8894]" started-at="2021-03-18T09:38:32 IST" name="alphaNumericPhoneNo" finished-at="2021-03-18T09:38:32 IST" duration-ms="29" status="PASS">
          <reporter-output>
          </reporter-output>
        </test-method> <!-- alphaNumericPhoneNo -->
        <test-method is-config="true" signature="flush()[pri:0, instance:com.hospital.qa.testcases.HospitalTest@6f8e8894]" started-at="2021-03-18T09:38:32 IST" name="flush" finished-at="2021-03-18T09:38:32 IST" duration-ms="0" status="PASS">
          <reporter-output>
          </reporter-output>
        </test-method> <!-- flush -->
        <test-method signature="wrongFormatPhoneNo()[pri:13, instance:com.hospital.qa.testcases.HospitalTest@6f8e8894]" started-at="2021-03-18T09:38:32 IST" name="wrongFormatPhoneNo" finished-at="2021-03-18T09:38:32 IST" duration-ms="11" status="PASS">
          <reporter-output>
          </reporter-output>
        </test-method> <!-- wrongFormatPhoneNo -->
        <test-method is-config="true" signature="flush()[pri:0, instance:com.hospital.qa.testcases.HospitalTest@6f8e8894]" started-at="2021-03-18T09:38:32 IST" name="flush" finished-at="2021-03-18T09:38:32 IST" duration-ms="0" status="PASS">
          <reporter-output>
          </reporter-output>
        </test-method> <!-- flush -->
        <test-method signature="checkTitle()[pri:14, instance:com.hospital.qa.testcases.HospitalTest@6f8e8894]" started-at="2021-03-18T09:38:32 IST" name="checkTitle" finished-at="2021-03-18T09:38:32 IST" duration-ms="34" status="PASS">
          <reporter-output>
          </reporter-output>
        </test-method> <!-- checkTitle -->
        <test-method is-config="true" signature="flush()[pri:0, instance:com.hospital.qa.testcases.HospitalTest@6f8e8894]" started-at="2021-03-18T09:38:32 IST" name="flush" finished-at="2021-03-18T09:38:32 IST" duration-ms="1" status="PASS">
          <reporter-output>
          </reporter-output>
        </test-method> <!-- flush -->
        <test-method signature="invalidDisplayLoc()[pri:15, instance:com.hospital.qa.testcases.HospitalTest@6f8e8894]" started-at="2021-03-18T09:38:32 IST" name="invalidDisplayLoc" finished-at="2021-03-18T09:38:33 IST" duration-ms="1034" status="PASS">
          <reporter-output>
          </reporter-output>
        </test-method> <!-- invalidDisplayLoc -->
        <test-method is-config="true" signature="flush()[pri:0, instance:com.hospital.qa.testcases.HospitalTest@6f8e8894]" started-at="2021-03-18T09:38:33 IST" name="flush" finished-at="2021-03-18T09:38:33 IST" duration-ms="1" status="PASS">
          <reporter-output>
          </reporter-output>
        </test-method> <!-- flush -->
        <test-method signature="invalidHospitalName()[pri:16, instance:com.hospital.qa.testcases.HospitalTest@6f8e8894]" started-at="2021-03-18T09:38:33 IST" name="invalidHospitalName" finished-at="2021-03-18T09:38:35 IST" duration-ms="2018" status="PASS">
          <reporter-output>
          </reporter-output>
        </test-method> <!-- invalidHospitalName -->
        <test-method is-config="true" signature="flush()[pri:0, instance:com.hospital.qa.testcases.HospitalTest@6f8e8894]" started-at="2021-03-18T09:38:35 IST" name="flush" finished-at="2021-03-18T09:38:35 IST" duration-ms="0" status="PASS">
          <reporter-output>
          </reporter-output>
        </test-method> <!-- flush -->
        <test-method signature="testHospitalTextbox()[pri:17, instance:com.hospital.qa.testcases.HospitalTest@6f8e8894]" started-at="2021-03-18T09:38:35 IST" name="testHospitalTextbox" finished-at="2021-03-18T09:38:35 IST" duration-ms="12" status="PASS">
          <reporter-output>
          </reporter-output>
        </test-method> <!-- testHospitalTextbox -->
        <test-method is-config="true" signature="flush()[pri:0, instance:com.hospital.qa.testcases.HospitalTest@6f8e8894]" started-at="2021-03-18T09:38:35 IST" name="flush" finished-at="2021-03-18T09:38:35 IST" duration-ms="0" status="PASS">
          <reporter-output>
          </reporter-output>
        </test-method> <!-- flush -->
        <test-method signature="testCheckBox()[pri:18, instance:com.hospital.qa.testcases.HospitalTest@6f8e8894]" started-at="2021-03-18T09:38:35 IST" name="testCheckBox" finished-at="2021-03-18T09:38:36 IST" duration-ms="511" status="PASS">
          <reporter-output>
          </reporter-output>
        </test-method> <!-- testCheckBox -->
        <test-method is-config="true" signature="flush()[pri:0, instance:com.hospital.qa.testcases.HospitalTest@6f8e8894]" started-at="2021-03-18T09:38:36 IST" name="flush" finished-at="2021-03-18T09:38:36 IST" duration-ms="1" status="PASS">
          <reporter-output>
          </reporter-output>
        </test-method> <!-- flush -->
        <test-method signature="testDropdownText()[pri:19, instance:com.hospital.qa.testcases.HospitalTest@6f8e8894]" started-at="2021-03-18T09:38:36 IST" name="testDropdownText" finished-at="2021-03-18T09:38:36 IST" duration-ms="5" status="PASS">
          <reporter-output>
          </reporter-output>
        </test-method> <!-- testDropdownText -->
        <test-method is-config="true" signature="flush()[pri:0, instance:com.hospital.qa.testcases.HospitalTest@6f8e8894]" started-at="2021-03-18T09:38:36 IST" name="flush" finished-at="2021-03-18T09:38:36 IST" duration-ms="1" status="PASS">
          <reporter-output>
          </reporter-output>
        </test-method> <!-- flush -->
        <test-method signature="hasParkingTest()[pri:20, instance:com.hospital.qa.testcases.HospitalTest@6f8e8894]" started-at="2021-03-18T09:38:36 IST" name="hasParkingTest" finished-at="2021-03-18T09:38:36 IST" duration-ms="7" status="PASS">
          <reporter-output>
          </reporter-output>
        </test-method> <!-- hasParkingTest -->
        <test-method is-config="true" signature="flush()[pri:0, instance:com.hospital.qa.testcases.HospitalTest@6f8e8894]" started-at="2021-03-18T09:38:36 IST" name="flush" finished-at="2021-03-18T09:38:36 IST" duration-ms="0" status="PASS">
          <reporter-output>
          </reporter-output>
        </test-method> <!-- flush -->
        <test-method is-config="true" signature="closeBrower()[pri:0, instance:com.hospital.qa.testcases.HospitalTest@6f8e8894]" started-at="2021-03-18T09:38:36 IST" name="closeBrower" finished-at="2021-03-18T09:38:36 IST" duration-ms="1" status="FAIL">
          <exception class="java.lang.NullPointerException">
            <message>
              <![CDATA[Cannot invoke "com.hospital.qa.pages.CorporateWellnessPage.closeBrowser()" because "this.cw" is null]]>
            </message>
            <full-stacktrace>
              <![CDATA[java.lang.NullPointerException: Cannot invoke "com.hospital.qa.pages.CorporateWellnessPage.closeBrowser()" because "this.cw" is null
at com.hospital.qa.testcases.HospitalTest.closeBrower(HospitalTest.java:544)
at java.base/jdk.internal.reflect.NativeMethodAccessorImpl.invoke0(Native Method)
at java.base/jdk.internal.reflect.NativeMethodAccessorImpl.invoke(NativeMethodAccessorImpl.java:64)
at java.base/jdk.internal.reflect.DelegatingMethodAccessorImpl.invoke(DelegatingMethodAccessorImpl.java:43)
at java.base/java.lang.reflect.Method.invoke(Method.java:564)
at org.testng.internal.MethodInvocationHelper.invokeMethod(MethodInvocationHelper.java:132)
at org.testng.internal.MethodInvocationHelper.invokeMethodConsideringTimeout(MethodInvocationHelper.java:61)
at org.testng.internal.ConfigInvoker.invokeConfigurationMethod(ConfigInvoker.java:366)
at org.testng.internal.ConfigInvoker.invokeConfigurations(ConfigInvoker.java:320)
at org.testng.TestRunner.invokeTestConfigurations(TestRunner.java:617)
at org.testng.TestRunner.afterRun(TestRunner.java:847)
at org.testng.TestRunner.run(TestRunner.java:588)
at org.testng.SuiteRunner.runTest(SuiteRunner.java:384)
at org.testng.SuiteRunner.runSequentially(SuiteRunner.java:378)
at org.testng.SuiteRunner.privateRun(SuiteRunner.java:337)
at org.testng.SuiteRunner.run(SuiteRunner.java:286)
at org.testng.SuiteRunnerWorker.runSuite(SuiteRunnerWorker.java:53)
at org.testng.SuiteRunnerWorker.run(SuiteRunnerWorker.java:96)
at org.testng.TestNG.runSuitesSequentially(TestNG.java:1218)
at org.testng.TestNG.runSuitesLocally(TestNG.java:1140)
at org.testng.TestNG.runSuites(TestNG.java:1069)
at org.testng.TestNG.run(TestNG.java:1037)
at org.testng.remote.AbstractRemoteTestNG.run(AbstractRemoteTestNG.java:115)
at org.testng.remote.RemoteTestNG.initAndRun(RemoteTestNG.java:251)
at org.testng.remote.RemoteTestNG.main(RemoteTestNG.java:77)
]]>
            </full-stacktrace>
          </exception> <!-- java.lang.NullPointerException -->
          <reporter-output>
          </reporter-output>
        </test-method> <!-- closeBrower -->
      </class> <!-- com.hospital.qa.testcases.HospitalTest -->
    </test> <!-- Default test -->
  </suite> <!-- Default suite -->
</testng-results>
